<?xml version="1.0" encoding="UTF-8" standalone="no"?>
<testsuite errors="0" failures="1" name="io.cucumber.core.plugin.JUnitFormatter" skipped="0" tests="1" time="9.602">
    <testcase classname="Acceptance testing to validate Search cars page is working fine." name="Validate egg timer functionality" time="9.406">
        <failure message="Cannot invoke &quot;org.openqa.selenium.SearchContext.findElement(org.openqa.selenium.By)&quot; because &quot;this.searchContext&quot; is null" type="java.lang.NullPointerException"><![CDATA[Given user is on the Home Page "https://e.ggtimer.com/" of eggtimer website.passed
And the page title should be "e.ggtimer - a simple countdown timer".........passed
And user enter timer on timer box...........................................failed
Then click on "start" link..................................................skipped
Then timer starts on decreasing order.......................................skipped
And after that "Time Expired!" message should be displayed..................skipped

StackTrace:
java.lang.NullPointerException: Cannot invoke "org.openqa.selenium.SearchContext.findElement(org.openqa.selenium.By)" because "this.searchContext" is null
	at org.openqa.selenium.support.pagefactory.DefaultElementLocator.findElement(DefaultElementLocator.java:69)
	at org.openqa.selenium.support.pagefactory.internal.LocatingElementHandler.invoke(LocatingElementHandler.java:38)
	at com.sun.proxy.$Proxy18.sendKeys(Unknown Source)
	at com.qa.pages.HomePage.enterTimeinTimerField(HomePage.java:45)
	at steps.EggTimerSteps.user_enter_timer_on_timer_box(EggTimerSteps.java:55)
	at âœ½.user enter timer on timer box(file:///C:/Users/priya%20pandey/eclipse-workspace/MaerskCucumberPageObjects/src/test/resources/Features/EggTimerStart.feature:9)
]]></failure>
    </testcase>
</testsuite>
